<?xml version="1.0" encoding="UTF-8"?>
<testsuite name="com.example.project.LinearCalculatorTest" tests="4" skipped="0" failures="0" errors="0" timestamp="2024-10-17T22:55:19" hostname="codespaces-ac2018" time="0.122">
  <properties/>
  <testcase name="testFindSymmetry()" classname="com.example.project.LinearCalculatorTest" time="0.028"/>
  <testcase name="testMidpoint()" classname="com.example.project.LinearCalculatorTest" time="0.028"/>
  <testcase name="testPrintInfo1()" classname="com.example.project.LinearCalculatorTest" time="0.051"/>
  <testcase name="testPrintInfo2()" classname="com.example.project.LinearCalculatorTest" time="0.009"/>
  <system-out><![CDATA[]]></system-out>
  <system-err><![CDATA[]]></system-err>
</testsuite>
